  main.cpp
E:\Code\OpenCVRoot\OpenCVLab_1\OpenCVLab_1\main.cpp(44,36): warning C4244: '=': conversion from 'double' to '_Tp', possible loss of data
          with
          [
              _Tp=uchar
          ]
E:\Code\OpenCVRoot\OpenCVLab_1\OpenCVLab_1\main.cpp(45,36): warning C4244: '=': conversion from 'double' to '_Tp', possible loss of data
          with
          [
              _Tp=uchar
          ]
E:\Code\OpenCVRoot\OpenCVLab_1\OpenCVLab_1\main.cpp(46,36): warning C4244: '=': conversion from 'double' to '_Tp', possible loss of data
          with
          [
              _Tp=uchar
          ]
E:\Code\OpenCVRoot\OpenCVLab_1\OpenCVLab_1\main.cpp(66,36): warning C4244: '=': conversion from 'double' to '_Tp', possible loss of data
          with
          [
              _Tp=uchar
          ]
E:\Code\OpenCVRoot\OpenCVLab_1\OpenCVLab_1\main.cpp(67,36): warning C4244: '=': conversion from 'double' to '_Tp', possible loss of data
          with
          [
              _Tp=uchar
          ]
E:\Code\OpenCVRoot\OpenCVLab_1\OpenCVLab_1\main.cpp(68,36): warning C4244: '=': conversion from 'double' to '_Tp', possible loss of data
          with
          [
              _Tp=uchar
          ]
E:\Code\OpenCVRoot\OpenCVLab_1\OpenCVLab_1\main.cpp(81,65): warning C4244: '=': conversion from 'double' to '_Tp', possible loss of data
          with
          [
              _Tp=uchar
          ]
E:\Code\OpenCVRoot\OpenCVLab_1\OpenCVLab_1\main.cpp(83,5): warning C4244: '=': conversion from 'double' to '_Tp', possible loss of data
          with
          [
              _Tp=uchar
          ]
E:\Code\OpenCVRoot\OpenCVLab_1\OpenCVLab_1\main.cpp(84,65): warning C4244: '=': conversion from 'double' to '_Tp', possible loss of data
          with
          [
              _Tp=uchar
          ]
  OpenCVLab_1.vcxproj -> E:\Code\OpenCVRoot\OpenCVLab_1\x64\Debug\OpenCVLab_1.exe
